<?xml version="1.0" encoding="UTF-8"?>
<!-- Generated by org.testng.reporters.JUnitReportReporter -->
<testsuite hostname="DESKTOP-FE2IBD3" failures="0" tests="2" name="qaclickacademy.SeleniumTest" time="0.004" errors="0" timestamp="2020-05-18T16:10:35 IST" skipped="0">
  <testcase classname="qaclickacademy.SeleniumTest" name="apiTest2" time="0.002"/>
  <system-out/>
  <testcase classname="qaclickacademy.SeleniumTest" name="apiTest" time="0.002"/>
  <system-out/>
</testsuite> <!-- qaclickacademy.SeleniumTest -->
